<?xml version="1.0" encoding="UTF-8"?>
<!-- Generated by org.testng.reporters.JUnitReportReporter -->
<testsuite skipped="0" hostname="P5LAP-77PTMF2" name="com.uiFramework.absecompany.automation.testNG.ParametersTest" tests="1" failures="0" timestamp="07 Aug 2019 10:32:09 GMT" time="22.288" errors="0">
  <testcase name="gmailLoginTest" time="22.288" classname="com.uiFramework.absecompany.automation.testNG.ParametersTest"/>
</testsuite> <!-- com.uiFramework.absecompany.automation.testNG.ParametersTest -->
