<?xml version="1.0" encoding="UTF-8"?>
<!-- Generated by org.testng.reporters.JUnitReportReporter -->
<testsuite skipped="0" hostname="P5LAP-77PTMF2" name="com.uiFramework.RestAssuredFirstScript" tests="1" failures="0" timestamp="04 Aug 2019 16:17:47 GMT" time="4.612" errors="0">
  <testcase name="HitEndpointGet" time="4.612" classname="com.uiFramework.RestAssuredFirstScript"/>
</testsuite> <!-- com.uiFramework.RestAssuredFirstScript -->
