<?xml version="1.0" encoding="UTF-8"?>
<!-- Generated by org.testng.reporters.JUnitReportReporter -->
<testsuite skipped="0" hostname="P5LAP-77PTMF2" name="com.uiFramework.A" tests="1" failures="0" timestamp="16 Aug 2019 20:21:53 GMT" time="0.009" errors="0">
  <testcase name="testLogin" time="0.009" classname="com.uiFramework.A"/>
</testsuite> <!-- com.uiFramework.A -->
