<?xml version="1.0" encoding="UTF-8"?>
<!-- Generated by org.testng.reporters.JUnitReportReporter -->
<testsuite skipped="10" hostname="P5LAP-77PTMF2" name="com.uiFramework.absecompany.automation.testNG.InvocationCount" tests="10" failures="0" timestamp="16 Aug 2019 20:02:42 GMT" time="0.000" errors="0">
  <testcase name="test1" time="0.000" classname="com.uiFramework.absecompany.automation.testNG.InvocationCount">
    <skipped/>
  </testcase> <!-- test1 -->
  <testcase name="test1" time="0.000" classname="com.uiFramework.absecompany.automation.testNG.InvocationCount">
    <skipped/>
  </testcase> <!-- test1 -->
  <testcase name="test1" time="0.000" classname="com.uiFramework.absecompany.automation.testNG.InvocationCount">
    <skipped/>
  </testcase> <!-- test1 -->
  <testcase name="test1" time="0.000" classname="com.uiFramework.absecompany.automation.testNG.InvocationCount">
    <skipped/>
  </testcase> <!-- test1 -->
  <testcase name="test1" time="0.000" classname="com.uiFramework.absecompany.automation.testNG.InvocationCount">
    <skipped/>
  </testcase> <!-- test1 -->
  <testcase name="test1" time="0.000" classname="com.uiFramework.absecompany.automation.testNG.InvocationCount">
    <skipped/>
  </testcase> <!-- test1 -->
  <testcase name="test1" time="0.000" classname="com.uiFramework.absecompany.automation.testNG.InvocationCount">
    <skipped/>
  </testcase> <!-- test1 -->
  <testcase name="test1" time="0.000" classname="com.uiFramework.absecompany.automation.testNG.InvocationCount">
    <skipped/>
  </testcase> <!-- test1 -->
  <testcase name="test1" time="0.000" classname="com.uiFramework.absecompany.automation.testNG.InvocationCount">
    <skipped/>
  </testcase> <!-- test1 -->
  <testcase name="test1" time="0.000" classname="com.uiFramework.absecompany.automation.testNG.InvocationCount">
    <skipped/>
  </testcase> <!-- test1 -->
</testsuite> <!-- com.uiFramework.absecompany.automation.testNG.InvocationCount -->
