<?xml version="1.0" encoding="UTF-8"?>
<!-- Generated by org.testng.reporters.JUnitReportReporter -->
<testsuite skipped="0" hostname="P5LAP-77PTMF2" name="com.uiFramework.abscompany.automation.testScripts.DeliveryTracker" tests="5" failures="0" timestamp="06 Sep 2019 14:05:30 GMT" time="27.802" errors="0">
  <testcase name="openGoogleMaps" time="19.025" classname="com.uiFramework.abscompany.automation.testScripts.DeliveryTracker"/>
  <testcase name="enterDestinationLocation" time="0.993" classname="com.uiFramework.abscompany.automation.testScripts.DeliveryTracker"/>
  <testcase name="directionsoption" time="3.429" classname="com.uiFramework.abscompany.automation.testScripts.DeliveryTracker"/>
  <testcase name="entersourceLocation" time="2.660" classname="com.uiFramework.abscompany.automation.testScripts.DeliveryTracker"/>
  <testcase name="selectMarker" time="1.695" classname="com.uiFramework.abscompany.automation.testScripts.DeliveryTracker"/>
</testsuite> <!-- com.uiFramework.abscompany.automation.testScripts.DeliveryTracker -->
