<?xml version="1.0" encoding="UTF-8"?>
<!-- Generated by org.testng.reporters.JUnitReportReporter -->
<testsuite skipped="0" hostname="P5LAP-77PTMF2" name="com.uiFramework.abscompany.automation.testScripts.TestScreenShot" tests="1" failures="0" timestamp="17 Sep 2019 14:56:11 GMT" time="27.253" errors="0">
  <testcase name="testScreen" time="27.253" classname="com.uiFramework.abscompany.automation.testScripts.TestScreenShot"/>
</testsuite> <!-- com.uiFramework.abscompany.automation.testScripts.TestScreenShot -->
